<?xml version="1.0" encoding="UTF-8"?>
<!-- Generated by org.testng.reporters.JUnitReportReporter -->
<testsuite skipped="0" hostname="LAPTOP-UCISIC8L" name="tests.BaseClass" tests="1" failures="0" timestamp="14 Oct 2019 11:28:34 GMT" time="0.004" errors="0">
  <testcase name="dummytest" time="0.004" classname="tests.BaseClass"/>
</testsuite> <!-- tests.BaseClass -->
