<?xml version="1.0" encoding="UTF-8"?>
<!-- Generated by org.testng.reporters.JUnitReportReporter -->
<testsuite skipped="0" hostname="LAPTOP-UCISIC8L" name="tests.SignInTest" tests="1" failures="0" timestamp="14 Oct 2019 22:37:01 GMT" time="26.322" errors="0">
  <testcase name="testOne" time="26.322" classname="tests.SignInTest"/>
</testsuite> <!-- tests.SignInTest -->
